<?xml version="1.0" encoding="UTF-8"?>
<testsuite name="ArrayCollectionTest" tests="24" skipped="0" failures="0" errors="0" timestamp="2022-07-01T13:30:26" hostname="yatorogod-laptop" time="0.017">
  <properties/>
  <testcase name="testSizeWhenSizeIs0" classname="ArrayCollectionTest" time="0.002"/>
  <testcase name="testSizeWhenSizeIs1" classname="ArrayCollectionTest" time="0.0"/>
  <testcase name="testIsEmptyWhenEmpty" classname="ArrayCollectionTest" time="0.001"/>
  <testcase name="testNextInIterator" classname="ArrayCollectionTest" time="0.0"/>
  <testcase name="testToArray" classname="ArrayCollectionTest" time="0.0"/>
  <testcase name="testRemoveRandomElement" classname="ArrayCollectionTest" time="0.0"/>
  <testcase name="testAdd" classname="ArrayCollectionTest" time="0.0"/>
  <testcase name="testClear" classname="ArrayCollectionTest" time="0.0"/>
  <testcase name="testHasNextInIterator" classname="ArrayCollectionTest" time="0.0"/>
  <testcase name="testRemoveFirstElement" classname="ArrayCollectionTest" time="0.0"/>
  <testcase name="testRemoveEverElementFromBeginToEnd" classname="ArrayCollectionTest" time="0.0"/>
  <testcase name="testContainsAll" classname="ArrayCollectionTest" time="0.0"/>
  <testcase name="testRetainAll1" classname="ArrayCollectionTest" time="0.003"/>
  <testcase name="testRetainAll2" classname="ArrayCollectionTest" time="0.001"/>
  <testcase name="testRetainAll3" classname="ArrayCollectionTest" time="0.001"/>
  <testcase name="testRemoveLastElement" classname="ArrayCollectionTest" time="0.002"/>
  <testcase name="testContains" classname="ArrayCollectionTest" time="0.0"/>
  <testcase name="testIsEmptyWhenIsNoEmpty" classname="ArrayCollectionTest" time="0.001"/>
  <testcase name="testAddAll" classname="ArrayCollectionTest" time="0.0"/>
  <testcase name="testRemoveCenterElement" classname="ArrayCollectionTest" time="0.0"/>
  <testcase name="testRemoveEverElementFromEndToBegin" classname="ArrayCollectionTest" time="0.0"/>
  <testcase name="testIterator" classname="ArrayCollectionTest" time="0.002"/>
  <testcase name="testRemoveAll" classname="ArrayCollectionTest" time="0.0"/>
  <testcase name="testRemoveOneThroughOne" classname="ArrayCollectionTest" time="0.0"/>
  <system-out><![CDATA[[2, 3, 3, 3, 6, 7, 8, 9, 9, null, null, null, null, null, null, null]
[3, 3, 3, 6, 7, 8, 9, 9, 9, null, null, null, null, null, null, null]
[3, 3, 3, 6, 8, 9, 9, 9, 9, null, null, null, null, null, null, null]
[3, 3, 3, 6, 9, 9, 9, 9, 9, null, null, null, null, null, null, null]
[3, 3, 3, 6, 9, 9, 9, 9, 9, null, null, null, null, null, null, null]
[2, 3, 4, 5, 6, 7, 8, 9, 9, null, null, null, null, null, null, null]
[3, 4, 5, 6, 7, 8, 9, 9, 9, null, null, null, null, null, null, null]
[3, 4, 5, 6, 8, 9, 9, 9, 9, null, null, null, null, null, null, null]
[3, 4, 5, 6, 9, 9, 9, 9, 9, null, null, null, null, null, null, null]
[3, 4, 5, 6, 9, 9, 9, 9, 9, null, null, null, null, null, null, null]
[2, 3, 6, 7, 8, 9, 9, null]
[3, 6, 7, 8, 9, 9, 9, null]
[3, 6, 8, 9, 9, 9, 9, null]
[3, 6, 9, 9, 9, 9, 9, null]
[3, 6, 9, 9, 9, 9, 9, null]

 testIterator
Size: 12
Element 0: 3 
Element 1: 4 
Element 2: 5 
Element 3: 6 
Element 4: 7 
Element 5: 8 
Element 6: 9 
Element 7: 10 
Element 8: 11 
Element 9: 12 
Element 10: 13 
Element 11: 14 
]]></system-out>
  <system-err><![CDATA[]]></system-err>
</testsuite>
